{"level":"info","message":"Mongo DB connected!","service":"user-service","timestamp":"2025-04-16T08:08:51.546Z"}
{"level":"info","message":"fetched all the todos []","service":"user-service","timestamp":"2025-04-16T08:15:25.275Z"}
{"level":"info","message":"fetched all the todos []","service":"user-service","timestamp":"2025-04-16T08:15:25.309Z"}
{"level":"info","message":"fetched all the todos []","service":"user-service","timestamp":"2025-04-16T08:15:36.120Z"}
{"level":"info","message":"fetched all the todos []","service":"user-service","timestamp":"2025-04-16T08:15:36.150Z"}
{"level":"info","message":"fetched all the todos []","service":"user-service","timestamp":"2025-04-16T08:15:36.759Z"}
{"level":"info","message":"fetched all the todos []","service":"user-service","timestamp":"2025-04-16T08:15:36.790Z"}
{"level":"info","message":"Mongo DB connected!","service":"user-service","timestamp":"2025-04-16T08:15:48.956Z"}
{"level":"info","message":"fetched all the todos []","service":"user-service","timestamp":"2025-04-16T08:16:10.367Z"}
{"level":"info","message":"fetched all the todos []","service":"user-service","timestamp":"2025-04-16T08:16:10.403Z"}
{"level":"info","message":"Adding a new todo hbbb h","service":"user-service","timestamp":"2025-04-16T08:16:18.279Z"}
{"$__":{"activePaths":{"paths":{"_id":"default","completed":"default","createdAt":"default","title":"modify"},"states":{"default":{"_id":true,"completed":true,"createdAt":true},"modify":{"title":true},"require":{}}}},"_doc":{"_id":"67ff675273f288df3ba918eb","completed":false,"createdAt":"2025-04-16T08:15:48.302Z","title":"hbbb h"},"level":"info","message":"Adding the todo to DB ","service":"user-service","timestamp":"2025-04-16T08:16:18.284Z"}
{"$__":{"$versionError":null,"activePaths":{"paths":{"title":"require"},"states":{"default":{},"modify":{},"require":{"title":true}}},"backup":{"activePaths":{"default":{"_id":true,"completed":true,"createdAt":true},"modify":{"title":true}},"validationError":null},"cachedRequired":{},"inserting":true,"op":null,"saveOptions":null,"savedState":{},"saving":null,"validating":null},"$isNew":false,"_doc":{"__v":0,"_id":"67ff675273f288df3ba918eb","completed":false,"createdAt":"2025-04-16T08:15:48.302Z","title":"hbbb h"},"level":"info","message":"Added the todo to DB ","service":"user-service","timestamp":"2025-04-16T08:16:18.328Z"}
{"level":"info","message":"Adding a new todo teri ma ka bhjosada","service":"user-service","timestamp":"2025-04-16T08:22:42.696Z"}
{"$__":{"activePaths":{"paths":{"_id":"default","completed":"default","createdAt":"default","title":"modify"},"states":{"default":{"_id":true,"completed":true,"createdAt":true},"modify":{"title":true},"require":{}}}},"_doc":{"_id":"67ff68d273f288df3ba918ed","completed":false,"createdAt":"2025-04-16T08:15:48.302Z","title":"teri ma ka bhjosada"},"level":"info","message":"Adding the todo to DB ","service":"user-service","timestamp":"2025-04-16T08:22:42.697Z"}
{"$__":{"$versionError":null,"activePaths":{"paths":{"title":"require"},"states":{"default":{},"modify":{},"require":{"title":true}}},"backup":{"activePaths":{"default":{"_id":true,"completed":true,"createdAt":true},"modify":{"title":true}},"validationError":null},"cachedRequired":{},"inserting":true,"op":null,"saveOptions":null,"savedState":{},"saving":null,"validating":null},"$isNew":false,"_doc":{"__v":0,"_id":"67ff68d273f288df3ba918ed","completed":false,"createdAt":"2025-04-16T08:15:48.302Z","title":"teri ma ka bhjosada"},"level":"info","message":"Added the todo to DB ","service":"user-service","timestamp":"2025-04-16T08:22:42.736Z"}
{"level":"info","message":"Adding a new todo teri ma ka bhjosadrandi","service":"user-service","timestamp":"2025-04-16T08:34:48.365Z"}
{"$__":{"activePaths":{"paths":{"_id":"default","completed":"default","createdAt":"default","title":"modify"},"states":{"default":{"_id":true,"completed":true,"createdAt":true},"modify":{"title":true},"require":{}}}},"_doc":{"_id":"67ff6ba873f288df3ba918ef","completed":false,"createdAt":"2025-04-16T08:15:48.302Z","title":"teri ma ka bhjosadrandi"},"level":"info","message":"Adding the todo to DB ","service":"user-service","timestamp":"2025-04-16T08:34:48.365Z"}
{"$__":{"$versionError":null,"activePaths":{"paths":{"title":"require"},"states":{"default":{},"modify":{},"require":{"title":true}}},"backup":{"activePaths":{"default":{"_id":true,"completed":true,"createdAt":true},"modify":{"title":true}},"validationError":null},"cachedRequired":{},"inserting":true,"op":null,"saveOptions":null,"savedState":{},"saving":null,"validating":null},"$isNew":false,"_doc":{"__v":0,"_id":"67ff6ba873f288df3ba918ef","completed":false,"createdAt":"2025-04-16T08:15:48.302Z","title":"teri ma ka bhjosadrandi"},"level":"info","message":"Added the todo to DB ","service":"user-service","timestamp":"2025-04-16T08:34:48.407Z"}
{"level":"info","message":"Mongo DB connected!","service":"user-service","timestamp":"2025-04-16T09:01:12.246Z"}
{"level":"info","message":"Mongo DB connected!","service":"user-service","timestamp":"2025-04-16T09:28:35.251Z"}
{"level":"info","message":"Mongo DB connected!","service":"user-service","timestamp":"2025-04-16T09:29:02.511Z"}
{"level":"info","message":"Mongo DB connected!","service":"user-service","timestamp":"2025-04-17T07:20:27.522Z"}
{"level":"info","message":"fetched all the todos [{\"_id\":\"67ff675273f288df3ba918eb\",\"title\":\"hbbb h\",\"completed\":false,\"createdAt\":\"2025-04-16T08:15:48.302Z\",\"__v\":0},{\"_id\":\"67ff68d273f288df3ba918ed\",\"title\":\"teri ma ka bhjosada\",\"completed\":false,\"createdAt\":\"2025-04-16T08:15:48.302Z\",\"__v\":0},{\"_id\":\"67ff6ba873f288df3ba918ef\",\"title\":\"teri ma ka bhjosadrandi\",\"completed\":false,\"createdAt\":\"2025-04-16T08:15:48.302Z\",\"__v\":0}]","service":"user-service","timestamp":"2025-04-17T07:36:58.971Z"}
{"level":"info","message":"fetched all the todos [{\"_id\":\"67ff675273f288df3ba918eb\",\"title\":\"hbbb h\",\"completed\":false,\"createdAt\":\"2025-04-16T08:15:48.302Z\",\"__v\":0},{\"_id\":\"67ff68d273f288df3ba918ed\",\"title\":\"teri ma ka bhjosada\",\"completed\":false,\"createdAt\":\"2025-04-16T08:15:48.302Z\",\"__v\":0},{\"_id\":\"67ff6ba873f288df3ba918ef\",\"title\":\"teri ma ka bhjosadrandi\",\"completed\":false,\"createdAt\":\"2025-04-16T08:15:48.302Z\",\"__v\":0}]","service":"user-service","timestamp":"2025-04-17T07:36:59.012Z"}
{"level":"info","message":"fetched all the todos [{\"_id\":\"67ff675273f288df3ba918eb\",\"title\":\"hbbb h\",\"completed\":false,\"createdAt\":\"2025-04-16T08:15:48.302Z\",\"__v\":0},{\"_id\":\"67ff68d273f288df3ba918ed\",\"title\":\"teri ma ka bhjosada\",\"completed\":false,\"createdAt\":\"2025-04-16T08:15:48.302Z\",\"__v\":0},{\"_id\":\"67ff6ba873f288df3ba918ef\",\"title\":\"teri ma ka bhjosadrandi\",\"completed\":false,\"createdAt\":\"2025-04-16T08:15:48.302Z\",\"__v\":0}]","service":"user-service","timestamp":"2025-04-17T07:36:59.140Z"}
{"level":"info","message":"fetched all the todos [{\"_id\":\"67ff675273f288df3ba918eb\",\"title\":\"hbbb h\",\"completed\":false,\"createdAt\":\"2025-04-16T08:15:48.302Z\",\"__v\":0},{\"_id\":\"67ff68d273f288df3ba918ed\",\"title\":\"teri ma ka bhjosada\",\"completed\":false,\"createdAt\":\"2025-04-16T08:15:48.302Z\",\"__v\":0},{\"_id\":\"67ff6ba873f288df3ba918ef\",\"title\":\"teri ma ka bhjosadrandi\",\"completed\":false,\"createdAt\":\"2025-04-16T08:15:48.302Z\",\"__v\":0}]","service":"user-service","timestamp":"2025-04-17T07:36:59.176Z"}
{"level":"info","message":"Adding a new todo superman","service":"user-service","timestamp":"2025-04-17T07:37:25.329Z"}
{"$__":{"activePaths":{"paths":{"_id":"default","completed":"default","createdAt":"default","title":"modify"},"states":{"default":{"_id":true,"completed":true,"createdAt":true},"modify":{"title":true},"require":{}}}},"_doc":{"_id":"6800afb5f8f138fd040cf0fc","completed":false,"createdAt":"2025-04-17T07:20:26.882Z","title":"superman"},"level":"info","message":"Adding the todo to DB ","service":"user-service","timestamp":"2025-04-17T07:37:25.333Z"}
{"$__":{"$versionError":null,"activePaths":{"paths":{"title":"require"},"states":{"default":{},"modify":{},"require":{"title":true}}},"backup":{"activePaths":{"default":{"_id":true,"completed":true,"createdAt":true},"modify":{"title":true}},"validationError":null},"cachedRequired":{},"inserting":true,"op":null,"saveOptions":null,"savedState":{},"saving":null,"validating":null},"$isNew":false,"_doc":{"__v":0,"_id":"6800afb5f8f138fd040cf0fc","completed":false,"createdAt":"2025-04-17T07:20:26.882Z","title":"superman"},"level":"info","message":"Added the todo to DB ","service":"user-service","timestamp":"2025-04-17T07:37:25.384Z"}
{"level":"info","message":"Mongo DB connected!","service":"user-service","timestamp":"2025-04-17T08:10:41.720Z"}
